进程开始执行2018-10-09 11:41:49



进程方法 : updateUserInfo
进程ID  : 4069
进程消息 : 启动成功


进程方法 : updateUserInfo
进程状态 : 3000
进程ID  : 4069
进程消息 : 84005


进程状态 : 1
进程ID  : 4069
进程消息 : 执行失败
用时   : 0秒
开始时间: 2018-10-09 11:41:49
结束时间: 2018-10-09 11:41:49


进程执行完成,总计用时0秒 成功执行0个进程,失败1个进程


进程开始执行2018-10-09 13:32:26



进程开始执行2018-10-09 13:52:41



进程方法 : updateUserInfo
进程ID  : 10149
进程消息 : 启动成功


进程状态 : 0
进程ID  : 10149
进程消息 : 执行成功
用时   : 0秒
开始时间: 2018-10-09 13:52:41
结束时间: 2018-10-09 13:52:41


进程执行完成,总计用时0秒 成功执行1个进程,失败0个进程


进程开始执行2018-10-09 13:54:42



进程方法 : updateUserInfo
进程ID  : 10243
进程消息 : 启动成功


进程状态 : 0
进程ID  : 10243
进程消息 : 执行成功
用时   : 0秒
开始时间: 2018-10-09 13:54:42
结束时间: 2018-10-09 13:54:42


进程执行完成,总计用时0秒 成功执行1个进程,失败0个进程


进程开始执行2018-10-09 13:54:54



进程方法 : updateUserInfo
进程ID  : 10282
进程消息 : 启动成功


进程开始执行2018-10-09 13:55:31



进程方法 : updateUserInfo
进程ID  : 10296
进程消息 : 启动成功


进程状态 : 0
进程ID  : 10296
进程消息 : 执行成功
用时   : 0秒
开始时间: 2018-10-09 13:55:31
结束时间: 2018-10-09 13:55:31


进程执行完成,总计用时0秒 成功执行1个进程,失败0个进程


进程开始执行2018-10-09 13:55:32



进程方法 : updateUserInfo
进程ID  : 10301
进程消息 : 启动成功


进程状态 : 0
进程ID  : 10301
进程消息 : 执行成功
用时   : 0秒
开始时间: 2018-10-09 13:55:32
结束时间: 2018-10-09 13:55:32


进程执行完成,总计用时0秒 成功执行1个进程,失败0个进程


进程开始执行2018-10-09 13:55:46



进程方法 : updateUserInfo
进程ID  : 10310
进程消息 : 启动成功


进程状态 : 0
进程ID  : 10310
进程消息 : 执行成功
用时   : 0秒
开始时间: 2018-10-09 13:55:46
结束时间: 2018-10-09 13:55:46


进程执行完成,总计用时0秒 成功执行1个进程,失败0个进程


进程开始执行2018-10-09 13:56:14



进程方法 : updateUserInfo
进程ID  : 10351
进程消息 : 启动成功


进程状态 : 0
进程ID  : 10351
进程消息 : 执行成功
用时   : 0秒
开始时间: 2018-10-09 13:56:14
结束时间: 2018-10-09 13:56:14


进程执行完成,总计用时0秒 成功执行1个进程,失败0个进程


进程开始执行2018-10-09 13:57:08



进程方法 : updateUserInfo
进程ID  : 10400
进程消息 : 启动成功


进程状态 : 0
进程ID  : 10400
进程消息 : 执行成功
用时   : 0秒
开始时间: 2018-10-09 13:57:08
结束时间: 2018-10-09 13:57:08


进程执行完成,总计用时0秒 成功执行1个进程,失败0个进程


进程开始执行2018-10-09 13:57:46



进程方法 : updateUserInfo
进程ID  : 10417
进程消息 : 启动成功


进程开始执行2018-10-09 13:59:00



进程方法 : updateUserInfo
进程ID  : 10500
进程消息 : 启动成功


进程开始执行2018-10-09 13:59:17



进程方法 : updateUserInfo
进程ID  : 10513
进程消息 : 启动成功


进程开始执行2018-10-09 13:59:32



进程方法 : updateUserInfo
进程ID  : 10520
进程消息 : 启动成功


进程开始执行2018-10-09 13:59:51



进程方法 : updateUserInfo
进程ID  : 10561
进程消息 : 启动成功


进程开始执行2018-10-09 14:00:03



进程方法 : updateUserInfo
进程ID  : 10570
进程消息 : 启动成功


进程开始执行2018-10-09 14:00:59



进程方法 : updateUserInfo
进程ID  : 10619
进程消息 : 启动成功


进程开始执行2018-10-09 14:02:09



进程方法 : updateUserInfo
进程ID  : 10739
进程消息 : 启动成功


进程开始执行2018-10-09 14:02:42



进程方法 : updateUserInfo
进程ID  : 10751
进程消息 : 启动成功


进程开始执行2018-10-09 14:03:17



进程方法 : updateUserInfo
进程ID  : 10796
进程消息 : 启动成功


进程开始执行2018-10-09 14:06:36



进程方法 : updateUserInfo
进程ID  : 10940
进程消息 : 启动成功


